            --------------------------------------------------------
                             AMBER SQM VERSION 19
 
                                     By
              Ross C. Walker, Michael F. Crowley, Scott Brozell,
                         Tim Giese, Andreas W. Goetz,
                        Tai-Sung Lee and David A. Case
 
            --------------------------------------------------------
 

--------------------------------------------------------------------------------
  QM CALCULATION INFO
--------------------------------------------------------------------------------

| QMMM: Citation for AMBER QMMM Run:
| QMMM: R.C. Walker, M.F. Crowley and D.A. Case, J. COMP. CHEM. 29:1019, 2008

QMMM: SINGLET STATE CALCULATION
QMMM: RHF CALCULATION, NO. OF DOUBLY OCCUPIED LEVELS = 55

| QMMM: *** Selected Hamiltonian *** 
| QMMM: AM1         

| QMMM: *** Parameter sets in use ***
| QMMM: Cl: M.J.S.DEWAR et al. THEOCHEM, 180, 1, (1988)
| QMMM: F : M.J.S.DEWAR et al. THEOCHEM, 180, 1, (1988)
| QMMM: O : M.J.S.DEWAR et al. JACS, 107, 3902, (1985)
| QMMM: N : M.J.S.DEWAR et al. JACS, 107, 3902, (1985)
| QMMM: C : M.J.S.DEWAR et al. JACS, 107, 3902, (1985)
| QMMM: H : M.J.S.DEWAR et al. JACS, 107, 3902, (1985)

| QMMM: *** SCF convergence criteria ***
| QMMM: Energy change                :  0.1D-09 kcal/mol
| QMMM: Error matrix |FP-PF|         :  0.1D+00 au
| QMMM: Density matrix change        :  0.5D-06
| QMMM: Maximum number of SCF cycles :     1000

| QMMM: *** Diagonalization Routine Information ***
| QMMM: Pseudo diagonalizations are allowed.
| QMMM: Auto diagonalization routine selection is in use.
| QMMM:
| QMMM: Timing diagonalization routines:
| QMMM:                              norbs =       93
| QMMM:    diag iterations used for timing =       15
| QMMM:
| QMMM:              Internal diag routine = 0.058932 seconds
| QMMM:                 Dspev diag routine = 0.068660 seconds
| QMMM:                Dspevd diag routine = 0.043719 seconds
| QMMM:                Dspevx diag routine = 0.189126 seconds
| QMMM:                 Dsyev diag routine = 0.056260 seconds
| QMMM:                Dsyevd diag routine = 0.037112 seconds
| QMMM:                Dsyevr diag routine = 0.052066 seconds
| QMMM:
| QMMM:                Pseudo diag routine = 0.024883 seconds
| QMMM:
| QMMM: Using dsyevd routine (diag_routine=6).

  QMMM: QM Region Cartesian Coordinates (*=link atom) 
  QMMM: QM_NO.   MM_NO.  ATOM         X         Y         Z
  QMMM:     1        1      Cl      -4.6850  -32.7250   25.2220
  QMMM:     2        2      F       -0.7550  -36.6320   25.6970
  QMMM:     3        3      F        1.0780  -37.0430   24.6720
  QMMM:     4        4      F       -0.7840  -37.1770   23.6260
  QMMM:     5        5      O        1.5240  -34.9340   20.9100
  QMMM:     6        6      O        0.9890  -34.8800   23.0580
  QMMM:     7        7      N       -0.6810  -34.9710   21.4340
  QMMM:     8        8      C       -1.6620  -34.4140   22.3130
  QMMM:     9        9      C       -2.9150  -33.9470   21.8430
  QMMM:    10       10      C       -3.8380  -33.4230   22.7710
  QMMM:    11       11      C       -3.5330  -33.3730   24.1190
  QMMM:    12       12      C       -2.3100  -33.8290   24.5930
  QMMM:    13       13      C       -1.3860  -34.3780   23.6810
  QMMM:    14       14      C       -0.0020  -34.9570   24.1440
  QMMM:    15       15      C        0.5520  -34.2360   25.3150
  QMMM:    16       16      C        0.9850  -33.6570   26.2410
  QMMM:    17       17      C        1.6050  -32.8020   27.5860
  QMMM:    18       18      C        2.8080  -33.0830   27.6390
  QMMM:    19       19      C        2.4040  -31.9800   27.1230
  QMMM:    20       20      C       -0.1210  -36.4720   24.5390
  QMMM:    21       21      C        0.6650  -34.9320   21.7250
  QMMM:    22       22      H        2.4640  -31.8200   26.1680
  QMMM:    23       23      H        2.5630  -31.1310   27.5640
  QMMM:    24       24      H        3.2840  -33.0980   28.4840
  QMMM:    25       25      H        3.1850  -33.7870   27.0890
  QMMM:    26       26      H        0.8810  -32.7660   28.2300
  QMMM:    27       27      H       -0.9390  -35.3410   20.7020
  QMMM:    28       28      H       -2.0950  -33.7710   25.5370
  QMMM:    29       29      H       -4.6960  -33.0940   22.4610
  QMMM:    30       30      H       -3.1340  -33.9870   20.8990

--------------------------------------------------------------------------------
  RESULTS
--------------------------------------------------------------------------------

      iter         sqm energy              rms gradient
      ----    -------------------    -----------------------
xmin    10     -119.9209 kcal/mol        0.5236 kcal/(mol*A)
xmin    20     -120.2970 kcal/mol        0.2879 kcal/(mol*A)
xmin    30     -120.4139 kcal/mol        0.3092 kcal/(mol*A)
xmin    40     -120.4321 kcal/mol        0.0643 kcal/(mol*A)
xmin    50     -120.4420 kcal/mol        0.0282 kcal/(mol*A)
xmin    60     -120.4452 kcal/mol        0.0716 kcal/(mol*A)
xmin    70     -120.4537 kcal/mol        0.0601 kcal/(mol*A)
xmin    80     -120.4599 kcal/mol        0.1270 kcal/(mol*A)
xmin    90     -120.4691 kcal/mol        0.1456 kcal/(mol*A)
xmin   100     -120.4751 kcal/mol        0.1352 kcal/(mol*A)
xmin   110     -120.4837 kcal/mol        0.0884 kcal/(mol*A)
xmin   120     -120.4874 kcal/mol        0.0160 kcal/(mol*A)
xmin   130     -120.4933 kcal/mol        0.0908 kcal/(mol*A)
xmin   140     -120.4969 kcal/mol        0.0281 kcal/(mol*A)
xmin   150     -120.5005 kcal/mol        0.0494 kcal/(mol*A)
xmin   160     -120.5022 kcal/mol        0.0199 kcal/(mol*A)
xmin   170     -120.5025 kcal/mol        0.0080 kcal/(mol*A)
xmin   180     -120.5032 kcal/mol        0.0211 kcal/(mol*A)
xmin   190     -120.5035 kcal/mol        0.0206 kcal/(mol*A)
xmin   200     -120.5037 kcal/mol        0.0099 kcal/(mol*A)
xmin   210     -120.5038 kcal/mol        0.0033 kcal/(mol*A)
xmin   220     -120.5038 kcal/mol        0.0048 kcal/(mol*A)
xmin   230     -120.5038 kcal/mol        0.0033 kcal/(mol*A)
xmin   240     -120.5038 kcal/mol        0.0015 kcal/(mol*A)
xmin   250     -120.5038 kcal/mol        0.0011 kcal/(mol*A)
xmin   260     -120.5038 kcal/mol        0.0050 kcal/(mol*A)
xmin   270     -120.5038 kcal/mol        0.0007 kcal/(mol*A)
xmin   270     -120.5038 kcal/mol        0.0005 kcal/(mol*A)
  ... geometry converged !
 
 Final MO eigenvalues (eV):
 -52.0463  -48.8094  -48.7110  -42.3076  -39.9583  -39.3514  -38.4378  -38.0559
 -36.2650  -34.8413  -32.6747  -30.9912  -29.4945  -25.9617  -25.4730  -24.7143
 -24.1167  -23.6193  -21.5540  -20.9678  -20.1838  -19.6855  -19.3417  -19.1756
 -18.4885  -17.7235  -17.2548  -16.8764  -16.5892  -16.4728  -16.0903  -15.6571
 -15.4085  -15.3224  -15.1876  -14.9763  -14.7661  -14.4737  -14.4713  -14.2680
 -13.9465  -13.7865  -13.6440  -13.3468  -13.1744  -12.6483  -12.6268  -12.3400
 -12.2107  -11.9298  -11.8070  -11.1323  -10.7463  -10.6369   -9.4402   -0.7346
  -0.5087    0.2990    0.4793    0.9163    0.9799    1.1104    1.3079    1.7836
   1.9126    2.4109    2.5236    2.8374    2.9219    3.2256    3.2613    3.3182
   3.3710    3.3966    3.4412    3.5999    3.6652    3.7428    3.8593    4.0847
   4.1229    4.2165    4.2998    4.5137    4.5208    4.5638    4.6301    4.6716
   4.8454    4.8971    5.8231    6.0612    6.3806

 Heat of formation   =       -120.50380435 kcal/mol  (       -5.22543707 eV)

 Total SCF energy    =    -105867.28363159 kcal/mol  (    -4590.74990814 eV)
 Electronic energy   =    -613789.65676018 kcal/mol  (   -26615.91677552 eV)
 Core-core repulsion =     507922.37312859 kcal/mol  (    22025.16686738 eV)
 
    Atomic Charges for Step       1 :
  Atom    Element       Mulliken Charge
     1      Cl                 0.004
     2      F                 -0.160
     3      F                 -0.143
     4      F                 -0.156
     5      O                 -0.307
     6      O                 -0.217
     7      N                 -0.328
     8      C                  0.115
     9      C                 -0.172
    10      C                 -0.068
    11      C                 -0.096
    12      C                 -0.053
    13      C                 -0.168
    14      C                  0.262
    15      C                 -0.231
    16      C                 -0.013
    17      C                 -0.095
    18      C                 -0.187
    19      C                 -0.186
    20      C                  0.413
    21      C                  0.411
    22      H                  0.126
    23      H                  0.117
    24      H                  0.117
    25      H                  0.125
    26      H                  0.143
    27      H                  0.270
    28      H                  0.170
    29      H                  0.156
    30      H                  0.149
 Total Mulliken Charge =       0.000
 
                  X        Y        Z     TOTAL  
  QM DIPOLE    -2.728    4.042    0.495    4.901
 
 Final Structure

  QMMM: QM Region Cartesian Coordinates (*=link atom) 
  QMMM: QM_NO.   MM_NO.  ATOM         X         Y         Z
  QMMM:     1        1      Cl      -4.9208  -33.7352   25.3966
  QMMM:     2        2      F       -0.8634  -36.5996   25.8743
  QMMM:     3        3      F        1.0737  -37.0424   24.9985
  QMMM:     4        4      F       -0.7371  -37.3880   23.8519
  QMMM:     5        5      O        1.5916  -34.8951   21.0028
  QMMM:     6        6      O        0.9032  -35.1719   23.0568
  QMMM:     7        7      N       -0.6260  -34.3023   21.4086
  QMMM:     8        8      C       -1.6548  -34.1842   22.3403
  QMMM:     9        9      C       -2.9322  -33.7161   21.9572
  QMMM:    10       10      C       -3.9373  -33.5835   22.9044
  QMMM:    11       11      C       -3.6884  -33.9100   24.2432
  QMMM:    12       12      C       -2.4338  -34.3766   24.6354
  QMMM:    13       13      C       -1.4151  -34.5273   23.6913
  QMMM:    14       14      C       -0.0584  -35.0102   24.1179
  QMMM:    15       15      C        0.5193  -34.1330   25.1086
  QMMM:    16       16      C        1.0148  -33.3945   25.9100
  QMMM:    17       17      C        1.5723  -32.5158   26.8676
  QMMM:    18       18      C        2.5113  -33.0481   27.9288
  QMMM:    19       19      C        3.0506  -32.1929   26.8265
  QMMM:    20       20      C       -0.1477  -36.5009   24.7114
  QMMM:    21       21      C        0.6292  -34.7726   21.7673
  QMMM:    22       22      H        3.6775  -32.6568   26.0437
  QMMM:    23       23      H        3.3598  -31.1552   27.0450
  QMMM:    24       24      H        2.4285  -32.6321   28.9488
  QMMM:    25       25      H        2.7511  -34.1266   27.9387
  QMMM:    26       26      H        0.8704  -31.7017   27.1559
  QMMM:    27       27      H       -0.7829  -34.0586   20.4568
  QMMM:    28       28      H       -2.2376  -34.6363   25.6904
  QMMM:    29       29      H       -4.9312  -33.2188   22.5987
  QMMM:    30       30      H       -3.1354  -33.4537   20.9076

           --------- Calculation Completed ----------

